{
  "RSpec": {
    "coverage": {
      "/Users/bradleyhutchins/Turing/1module/2203/5_Week/Final_Project/night_writer.rb/spec/dictionary_spec.rb": {
        "lines": [
          1,
          null,
          1,
          1,
          1,
          1,
          null,
          null,
          1,
          1,
          1,
          null,
          null,
          1,
          1,
          1,
          null,
          null
        ]
      },
      "/Users/bradleyhutchins/Turing/1module/2203/5_Week/Final_Project/night_writer.rb/lib/dictionary.rb": {
        "lines": [
          1,
          1,
          null,
          1,
          null,
          54,
          null,
          null,
          null,
          null,
          null,
          null,
          null,
          null,
          null,
          null,
          null,
          null,
          null,
          null,
          null,
          null,
          null,
          null,
          null,
          null,
          null,
          null,
          null,
          null,
          null,
          null,
          null,
          54,
          null,
          null
        ]
      },
      "/Users/bradleyhutchins/Turing/1module/2203/5_Week/Final_Project/night_writer.rb/spec/file_manager_spec.rb": {
        "lines": [
          1,
          null,
          1,
          1,
          1,
          1,
          null,
          null,
          1,
          1,
          1,
          null,
          null,
          1,
          1,
          1,
          1,
          null,
          null,
          1,
          1,
          1,
          1,
          1,
          null,
          null,
          null,
          null,
          1,
          1,
          1,
          1,
          1,
          null,
          null
        ]
      },
      "/Users/bradleyhutchins/Turing/1module/2203/5_Week/Final_Project/night_writer.rb/lib/file_manager.rb": {
        "lines": [
          1,
          1,
          null,
          1,
          1,
          null,
          1,
          16,
          16,
          16,
          null,
          null,
          1,
          12,
          null,
          null,
          1,
          2,
          2,
          2,
          null,
          null,
          1,
          1,
          1,
          1,
          null,
          null,
          null
        ]
      },
      "/Users/bradleyhutchins/Turing/1module/2203/5_Week/Final_Project/night_writer.rb/lib/translate_braille.rb": {
        "lines": [
          1,
          null,
          1,
          1,
          null,
          1,
          22,
          22,
          22,
          null,
          null,
          1,
          4,
          4,
          86,
          null,
          4,
          null,
          null,
          1,
          4,
          4,
          86,
          null,
          4,
          null,
          null,
          1,
          4,
          4,
          86,
          null,
          4,
          null,
          null,
          1,
          3,
          3,
          3,
          3,
          3,
          3,
          3,
          3,
          3,
          3,
          null,
          3,
          null,
          null
        ]
      },
      "/Users/bradleyhutchins/Turing/1module/2203/5_Week/Final_Project/night_writer.rb/lib/translate_english.rb": {
        "lines": [
          1,
          null,
          1,
          1,
          null,
          1,
          21,
          21,
          21,
          null,
          null,
          1,
          4,
          4,
          4,
          11,
          null,
          4,
          null,
          null,
          1,
          3,
          3,
          3,
          9,
          null,
          3,
          null,
          null,
          1,
          2,
          2,
          7,
          null,
          2,
          null,
          null
        ]
      },
      "/Users/bradleyhutchins/Turing/1module/2203/5_Week/Final_Project/night_writer.rb/spec/night_reader_spec.rb": {
        "lines": [
          1,
          1,
          null,
          1,
          1,
          1,
          1,
          null,
          null,
          null,
          null
        ]
      },
      "/Users/bradleyhutchins/Turing/1module/2203/5_Week/Final_Project/night_writer.rb/lib/night_reader.rb": {
        "lines": [
          1,
          1,
          null,
          1,
          1,
          null,
          1,
          1,
          0,
          0,
          0,
          0,
          0,
          null,
          null,
          null,
          null
        ]
      },
      "/Users/bradleyhutchins/Turing/1module/2203/5_Week/Final_Project/night_writer.rb/module/Messageable.rb": {
        "lines": [
          1,
          null,
          1,
          0,
          null,
          null,
          1,
          0,
          null,
          null
        ]
      },
      "/Users/bradleyhutchins/Turing/1module/2203/5_Week/Final_Project/night_writer.rb/spec/night_writer_spec.rb": {
        "lines": [
          1,
          1,
          null,
          1,
          1,
          1,
          1,
          null,
          null
        ]
      },
      "/Users/bradleyhutchins/Turing/1module/2203/5_Week/Final_Project/night_writer.rb/lib/night_writer.rb": {
        "lines": [
          1,
          1,
          null,
          1,
          1,
          null,
          1,
          1,
          0,
          0,
          0,
          0,
          0,
          null,
          null,
          null,
          null
        ]
      },
      "/Users/bradleyhutchins/Turing/1module/2203/5_Week/Final_Project/night_writer.rb/module/messageable.rb": {
        "lines": [
          1,
          null,
          1,
          0,
          null,
          null,
          1,
          0,
          null,
          null
        ]
      },
      "/Users/bradleyhutchins/Turing/1module/2203/5_Week/Final_Project/night_writer.rb/spec/translate_braille_spec.rb": {
        "lines": [
          1,
          1,
          1,
          null,
          1,
          1,
          1,
          1,
          1,
          null,
          null,
          1,
          1,
          1,
          1,
          1,
          1,
          1,
          null,
          null,
          1,
          1,
          1,
          1,
          1,
          1,
          null,
          null,
          1,
          1,
          1,
          1,
          1,
          1,
          null,
          null,
          1,
          1,
          1,
          1,
          1,
          1,
          null,
          null,
          1,
          1,
          1,
          1,
          1,
          1,
          1,
          null,
          null
        ]
      },
      "/Users/bradleyhutchins/Turing/1module/2203/5_Week/Final_Project/night_writer.rb/spec/translate_english_spec.rb": {
        "lines": [
          1,
          1,
          1,
          null,
          1,
          1,
          1,
          1,
          1,
          null,
          null,
          1,
          1,
          1,
          1,
          1,
          1,
          1,
          null,
          null,
          1,
          1,
          1,
          1,
          1,
          1,
          1,
          null,
          null,
          1,
          1,
          1,
          1,
          1,
          1,
          1,
          null,
          null,
          1,
          1,
          1,
          1,
          1,
          1,
          null,
          null
        ]
      }
    },
    "timestamp": 1651007212
  }
}
